0 info it worked if it ends with ok
1 verbose cli [ 'node',
1 verbose cli   'C:\\Users\\nepasoft\\AppData\\Roaming\\npm\\node_modules\\npm\\bin\\npm-cli.js',
1 verbose cli   'start' ]
2 info using npm@3.10.9
3 info using node@v0.10.32
4 verbose run-script [ 'prestart', 'start', 'poststart' ]
5 info lifecycle nodejsmongodb@1.0.0~prestart: nodejsmongodb@1.0.0
6 silly lifecycle nodejsmongodb@1.0.0~prestart: no script for prestart, continuing
7 info lifecycle nodejsmongodb@1.0.0~start: nodejsmongodb@1.0.0
8 verbose lifecycle nodejsmongodb@1.0.0~start: unsafe-perm in lifecycle true
9 verbose lifecycle nodejsmongodb@1.0.0~start: PATH: C:\Users\nepasoft\AppData\Roaming\npm\node_modules\npm\bin\node-gyp-bin;D:\ProjectWork\NodejsApp\node_modules\.bin;C:\Users\nepasoft\AppData\Roaming\npm;C:\Program Files\nodejs\;C:\Program Files (x86)\WiX Toolset v3.8\bin;C:\Program Files (x86)\Java\jre7\bin;D:\satish\Downloads\IEDriverServer_x64_2.44.0;C:\Program Files (x86)\Microsoft SQL Server\100\Tools\Binn\;C:\Program Files\Microsoft SQL Server\100\Tools\Binn\;C:\Program Files\Microsoft SQL Server\100\DTS\Binn\;C:\Program Files\Microsoft SQL Server\110\DTS\Binn\;C:\Program Files (x86)\Microsoft SQL Server\110\Tools\Binn\;C:\Program Files\Microsoft SQL Server\110\Tools\Binn\;C:\Program Files (x86)\Microsoft SQL Server\110\Tools\Binn\ManagementStudio\;C:\Program Files (x86)\Microsoft Visual Studio 10.0\Common7\IDE\PrivateAssemblies\;C:\Program Files (x86)\Microsoft SQL Server\110\DTS\Binn\;C:\Program Files (x86)\VisualSVN\bin;C:\Program Files\TortoiseSVN\bin;C:\Ruby193\bin;C:\Program Files (x86)\Java\jdk1.7.0_40\bin;C:\Users\nepasoft\AppData\Roaming\npm;.bin
10 verbose lifecycle nodejsmongodb@1.0.0~start: CWD: D:\ProjectWork\NodejsApp
11 silly lifecycle nodejsmongodb@1.0.0~start: Args: [ '/d /s /c', 'node server.js' ]
12 silly lifecycle nodejsmongodb@1.0.0~start: Returned: code: 8  signal: null
13 info lifecycle nodejsmongodb@1.0.0~start: Failed to exec start script
14 verbose stack Error: nodejsmongodb@1.0.0 start: `node server.js`
14 verbose stack Exit status 8
14 verbose stack     at EventEmitter.<anonymous> (C:\Users\nepasoft\AppData\Roaming\npm\node_modules\npm\lib\utils\lifecycle.js:255:16)
14 verbose stack     at EventEmitter.emit (events.js:98:17)
14 verbose stack     at ChildProcess.<anonymous> (C:\Users\nepasoft\AppData\Roaming\npm\node_modules\npm\lib\utils\spawn.js:40:14)
14 verbose stack     at ChildProcess.emit (events.js:98:17)
14 verbose stack     at maybeClose (child_process.js:756:16)
14 verbose stack     at Process.ChildProcess._handle.onexit (child_process.js:823:5)
15 verbose pkgid nodejsmongodb@1.0.0
16 verbose cwd D:\ProjectWork\NodejsApp
17 error Windows_NT 6.1.7601
18 error argv "node" "C:\\Users\\nepasoft\\AppData\\Roaming\\npm\\node_modules\\npm\\bin\\npm-cli.js" "start"
19 error node v0.10.32
20 error npm  v3.10.9
21 error code ELIFECYCLE
22 error nodejsmongodb@1.0.0 start: `node server.js`
22 error Exit status 8
23 error Failed at the nodejsmongodb@1.0.0 start script 'node server.js'.
23 error Make sure you have the latest version of node.js and npm installed.
23 error If you do, this is most likely a problem with the nodejsmongodb package,
23 error not with npm itself.
23 error Tell the author that this fails on your system:
23 error     node server.js
23 error You can get information on how to open an issue for this project with:
23 error     npm bugs nodejsmongodb
23 error Or if that isn't available, you can get their info via:
23 error     npm owner ls nodejsmongodb
23 error There is likely additional logging output above.
24 verbose exit [ 1, true ]
